<?xml version="1.0" encoding="UTF-8"?>
<!-- Generated by org.testng.reporters.JUnitXMLReporter -->
<testsuite ignored="0" hostname="DESKTOP-I5NI92G" failures="0" tests="3" name="SubmitOrderTest" time="86.91" errors="0" timestamp="2023-02-13T15:02:29 IST">
  <testcase classname="Selenium.SeleniumFrameworkDesign.Test.SubmitOrderTest" name="submitOrder" time="20.589"/>
  <testcase classname="Selenium.SeleniumFrameworkDesign.Test.SubmitOrderTest" name="submitOrder" time="17.031"/>
  <testcase classname="Selenium.SeleniumFrameworkDesign.Test.SubmitOrderTest" name="orderHistory" time="4.783"/>
</testsuite> <!-- SubmitOrderTest -->
