<?xml version="1.0" encoding="UTF-8"?>
<!-- Generated by org.testng.reporters.JUnitXMLReporter -->
<testsuite ignored="1" hostname="DESKTOP-I5NI92G" failures="0" tests="1" name="ErrorValidations" time="19.361" errors="0" timestamp="2023-02-23T15:03:12 IST">
  <testcase classname="Selenium.SeleniumFrameworkDesign.Test.ErrorValidations" name="logInPageErrorValidation" time="1.693"/>
  <testcase classname="Selenium.SeleniumFrameworkDesign.Test.ErrorValidations" name="productPageErrorvalidation" time="0.0">
    <ignored/>
  </testcase> <!-- productPageErrorvalidation -->
</testsuite> <!-- ErrorValidations -->
