<?xml version="1.0" encoding="UTF-8"?>
<!-- Generated by org.testng.reporters.JUnitXMLReporter -->
<testsuite ignored="2" hostname="DESKTOP-I5NI92G" failures="0" tests="0" time="0.02" errors="0" timestamp="2023-02-23T15:02:53 IST">
  <testcase classname="Selenium.SeleniumFrameworkDesign.Test.SubmitOrderTest" name="submitOrder" time="0.0">
    <ignored/>
  </testcase> <!-- submitOrder -->
  <testcase classname="Selenium.SeleniumFrameworkDesign.Test.SubmitOrderTest" name="orderHistory" time="0.0">
    <ignored/>
  </testcase> <!-- orderHistory -->
</testsuite>
